{
  "RSpec": {
    "coverage": {
      "/Users/ysim/code/safety-in-da-hood/spec/controllers/home_controller_spec.rb": [
        1,
        null,
        1,
        2,
        null
      ],
      "/Users/ysim/code/safety-in-da-hood/spec/rails_helper.rb": [
        null,
        1,
        1,
        1,
        null,
        1,
        1,
        null,
        1,
        null,
        null,
        null,
        null,
        null,
        null,
        null,
        null,
        null,
        null,
        null,
        null,
        null,
        null,
        null,
        null,
        null,
        null,
        1,
        null,
        0,
        0,
        null,
        1,
        null,
        1,
        null,
        null,
        null,
        null,
        1,
        null,
        null,
        null,
        null,
        null,
        null,
        null,
        null,
        null,
        null,
        null,
        null,
        null,
        null,
        1,
        null,
        null,
        1,
        null,
        null,
        null,
        1,
        1,
        1,
        null,
        null,
        1,
        43,
        43,
        null,
        null,
        null,
        1,
        43,
        43,
        null,
        null,
        null,
        1,
        null,
        null,
        1,
        1,
        1,
        1,
        null,
        null
      ],
      "/Users/ysim/code/safety-in-da-hood/config/environment.rb": [
        null,
        1,
        null,
        null,
        1
      ],
      "/Users/ysim/code/safety-in-da-hood/config/application.rb": [
        1,
        null,
        1,
        null,
        null,
        null,
        1,
        null,
        1,
        1,
        null,
        1,
        null,
        null,
        null,
        null,
        null,
        1,
        null,
        1,
        null,
        null,
        null,
        null,
        null,
        null,
        null,
        null,
        null
      ],
      "/Users/ysim/code/safety-in-da-hood/config/boot.rb": [
        1,
        null,
        1,
        1
      ],
      "/Users/ysim/code/safety-in-da-hood/config/environments/test.rb": [
        1,
        null,
        null,
        null,
        null,
        null,
        null,
        1,
        null,
        null,
        null,
        null,
        1,
        null,
        null,
        1,
        1,
        null,
        null,
        null,
        null,
        1,
        1,
        null,
        null,
        1,
        null,
        null,
        1,
        null,
        null,
        1,
        null,
        1,
        null,
        null,
        null,
        null,
        1,
        null,
        null,
        1,
        null,
        null,
        null,
        null
      ],
      "/Users/ysim/code/safety-in-da-hood/config/initializers/application_controller_renderer.rb": [
        null,
        null,
        null,
        null,
        null,
        null,
        null,
        null
      ],
      "/Users/ysim/code/safety-in-da-hood/config/initializers/assets.rb": [
        null,
        null,
        null,
        1,
        null,
        null,
        null,
        null,
        1,
        null,
        null,
        null,
        null,
        null
      ],
      "/Users/ysim/code/safety-in-da-hood/config/initializers/backtrace_silencers.rb": [
        null,
        null,
        null,
        null,
        null,
        null,
        null
      ],
      "/Users/ysim/code/safety-in-da-hood/config/initializers/carrierwave.rb": [
        1,
        1,
        1,
        1,
        null,
        null,
        1,
        null,
        1,
        1,
        1,
        1,
        8,
        null,
        null,
        1,
        15,
        null,
        null,
        null,
        null
      ],
      "/Users/ysim/code/safety-in-da-hood/app/uploaders/picture_uploader.rb": [
        1,
        1,
        null,
        null,
        null,
        null,
        null,
        1,
        null,
        null,
        null,
        null,
        1,
        0,
        null,
        null,
        null,
        null,
        null,
        null,
        null,
        null,
        null,
        null,
        null,
        1,
        null,
        1,
        5,
        null,
        null,
        null,
        null,
        null,
        null,
        null,
        5,
        null,
        null,
        null,
        null,
        null,
        null,
        null,
        null,
        null,
        1,
        10,
        null,
        null,
        null,
        null,
        null,
        null,
        null,
        null
      ],
      "/Users/ysim/code/safety-in-da-hood/config/initializers/content_security_policy.rb": [
        null,
        null,
        null,
        null,
        null,
        null,
        null,
        null,
        null,
        null,
        null,
        null,
        null,
        null,
        null,
        null,
        null,
        null,
        null,
        null,
        null,
        null,
        null,
        null,
        null
      ],
      "/Users/ysim/code/safety-in-da-hood/config/initializers/cookies_serializer.rb": [
        null,
        null,
        null,
        null,
        1
      ],
      "/Users/ysim/code/safety-in-da-hood/config/initializers/filter_parameter_logging.rb": [
        null,
        null,
        null,
        1
      ],
      "/Users/ysim/code/safety-in-da-hood/config/initializers/inflections.rb": [
        null,
        null,
        null,
        null,
        null,
        null,
        null,
        null,
        null,
        null,
        null,
        null,
        null,
        null,
        null,
        null
      ],
      "/Users/ysim/code/safety-in-da-hood/config/initializers/mime_types.rb": [
        null,
        null,
        null,
        null
      ],
      "/Users/ysim/code/safety-in-da-hood/config/initializers/sidekiq.rb": [
        null,
        null,
        null,
        null,
        null,
        1,
        0,
        0,
        0,
        0,
        null,
        null
      ],
      "/Users/ysim/code/safety-in-da-hood/config/initializers/wicked_pdf.rb": [
        null,
        null,
        null,
        null,
        null,
        null,
        null,
        null,
        null,
        null,
        1,
        null,
        null,
        null,
        null,
        null,
        null,
        null,
        null,
        null,
        null
      ],
      "/Users/ysim/code/safety-in-da-hood/config/initializers/wrap_parameters.rb": [
        null,
        null,
        null,
        null,
        null,
        null,
        1,
        2,
        null,
        null,
        null,
        null,
        null,
        null
      ],
      "/Users/ysim/code/safety-in-da-hood/spec/factories.rb": [
        1,
        null,
        1,
        1,
        2,
        2,
        null,
        null,
        null,
        1,
        10,
        10,
        10,
        null,
        null
      ],
      "/Users/ysim/code/safety-in-da-hood/config/routes.rb": [
        1,
        1,
        1,
        1,
        null,
        1,
        1,
        1,
        1,
        1,
        1,
        1,
        1,
        1,
        1,
        1,
        1,
        1,
        1,
        null
      ],
      "/Users/ysim/code/safety-in-da-hood/app/helpers/application_helper.rb": [
        1,
        null
      ],
      "/Users/ysim/code/safety-in-da-hood/app/helpers/follows_helper.rb": [
        1,
        null
      ],
      "/Users/ysim/code/safety-in-da-hood/app/helpers/home_helper.rb": [
        1,
        null
      ],
      "/Users/ysim/code/safety-in-da-hood/app/helpers/sessions_helper.rb": [
        1,
        null
      ],
      "/Users/ysim/code/safety-in-da-hood/app/helpers/tweets_helper.rb": [
        1,
        null
      ],
      "/Users/ysim/code/safety-in-da-hood/app/helpers/users_helper.rb": [
        1,
        1,
        24,
        24,
        24,
        24,
        null,
        null
      ],
      "/Users/ysim/code/safety-in-da-hood/spec/support/factory_bot.rb": [
        1,
        1,
        null
      ],
      "/Users/ysim/code/safety-in-da-hood/app/controllers/home_controller.rb": [
        1,
        1,
        null,
        1,
        null,
        null
      ],
      "/Users/ysim/code/safety-in-da-hood/app/controllers/application_controller.rb": [
        1,
        1,
        1,
        null,
        1,
        null
      ],
      "/Users/ysim/code/safety-in-da-hood/app/controllers/concerns/authorization.rb": [
        1,
        1,
        12,
        null,
        null,
        1,
        82,
        null,
        null,
        1,
        79,
        56,
        null,
        null,
        null,
        1,
        82,
        3,
        null,
        null,
        null,
        1,
        53,
        null,
        null,
        1,
        13,
        1,
        1,
        null,
        null,
        null,
        1,
        17,
        1,
        1,
        null,
        null,
        null
      ],
      "/Users/ysim/code/safety-in-da-hood/app/controllers/concerns/authentication.rb": [
        1,
        1,
        10,
        null,
        null,
        1,
        1,
        1,
        1,
        null,
        null,
        1,
        1,
        1,
        1,
        null,
        null,
        1,
        7,
        7,
        7,
        null,
        null,
        1,
        3,
        3,
        3,
        null,
        null,
        null
      ],
      "/Users/ysim/code/safety-in-da-hood/spec/controllers/users_controller_spec.rb": [
        1,
        null,
        1,
        1,
        null,
        1,
        null,
        null,
        null,
        null,
        null,
        null,
        null,
        2,
        2,
        null,
        1,
        2,
        2,
        2,
        2,
        2,
        null,
        null,
        1,
        3,
        2,
        2,
        null,
        null,
        1,
        3,
        2,
        2,
        null,
        null
      ],
      "/Users/ysim/code/safety-in-da-hood/app/controllers/users_controller.rb": [
        1,
        1,
        1,
        null,
        1,
        2,
        null,
        null,
        1,
        2,
        2,
        2,
        null,
        0,
        null,
        null,
        null,
        1,
        0,
        null,
        null,
        1,
        12,
        12,
        12,
        12,
        null,
        null,
        1,
        0,
        null,
        null,
        1,
        0,
        0,
        0,
        0,
        null,
        0,
        null,
        null,
        null,
        1,
        1,
        2,
        null,
        null,
        null
      ],
      "/Users/ysim/code/safety-in-da-hood/spec/features/users_spec.rb": [
        1,
        null,
        1,
        1,
        1,
        6,
        6,
        6,
        6,
        6,
        null,
        null,
        1,
        1,
        null,
        null,
        null,
        1,
        1,
        1,
        1,
        null,
        null,
        1,
        1,
        1,
        1,
        1,
        3,
        3,
        3,
        null,
        null,
        null,
        1,
        1,
        null,
        null,
        null,
        1,
        1,
        1,
        1,
        1,
        null,
        null,
        1,
        1,
        1,
        null,
        null,
        1,
        1,
        1,
        null,
        null,
        null,
        1,
        1,
        1,
        1,
        1,
        1,
        1,
        1,
        null,
        null,
        1,
        1,
        1,
        1,
        1,
        null,
        null,
        null,
        1,
        1,
        1,
        1,
        1,
        1,
        null,
        null,
        1,
        1,
        null,
        null,
        null,
        1,
        1,
        1,
        1,
        null,
        null,
        null
      ],
      "/Users/ysim/code/safety-in-da-hood/spec/models/tweet_spec.rb": [
        1,
        null,
        1,
        1,
        1,
        1,
        null,
        null,
        1,
        1,
        2,
        null,
        null,
        1,
        1,
        null,
        null,
        null,
        1,
        2,
        null,
        2,
        2,
        null,
        2,
        null,
        null
      ],
      "/Users/ysim/code/safety-in-da-hood/app/models/tweet.rb": [
        1,
        1,
        79,
        1,
        1,
        1,
        1,
        null,
        1,
        1,
        10,
        0,
        null,
        null,
        null
      ],
      "/Users/ysim/code/safety-in-da-hood/app/models/application_record.rb": [
        1,
        1,
        null
      ],
      "/Users/ysim/code/safety-in-da-hood/spec/models/user_spec.rb": [
        1,
        null,
        1,
        2,
        null,
        1,
        1,
        2,
        null,
        null,
        1,
        1,
        null,
        null,
        null,
        1,
        2,
        2,
        2,
        2,
        2,
        null,
        2,
        2,
        null,
        2,
        2,
        null,
        2,
        2,
        null,
        2,
        2,
        2,
        null,
        null
      ],
      "/Users/ysim/code/safety-in-da-hood/app/models/user.rb": [
        1,
        1,
        1,
        1,
        null,
        1,
        1,
        null,
        null,
        1,
        null,
        null,
        1,
        1,
        null,
        1,
        1,
        1,
        null,
        1,
        null
      ],
      "/Users/ysim/code/safety-in-da-hood/app/models/concerns/tokenizer.rb": [
        1,
        1,
        1,
        null,
        null,
        1,
        null,
        null,
        1,
        1,
        null,
        null
      ],
      "/Users/ysim/code/safety-in-da-hood/app/models/concerns/session.rb": [
        1,
        1,
        null,
        1,
        1,
        1,
        null,
        null,
        1,
        3,
        3,
        null,
        null,
        1,
        7,
        null,
        null
      ],
      "/Users/ysim/code/safety-in-da-hood/app/models/concerns/feed.rb": [
        1,
        1,
        0,
        null,
        null,
        1,
        0,
        null,
        null,
        1,
        0,
        null,
        null,
        1,
        12,
        null,
        12,
        null,
        null,
        null
      ],
      "/Users/ysim/code/safety-in-da-hood/app/controllers/sessions_controller.rb": [
        1,
        1,
        null,
        1,
        null,
        null,
        1,
        7,
        7,
        7,
        7,
        7,
        null,
        0,
        0,
        null,
        null,
        null,
        1,
        1,
        1,
        null,
        null
      ],
      "/Users/ysim/code/safety-in-da-hood/app/models/follow.rb": [
        1,
        1,
        1,
        1,
        1,
        null
      ],
      "/Users/ysim/code/safety-in-da-hood/app/controllers/tweets_controller.rb": [
        1,
        1,
        null,
        1,
        4,
        4,
        3,
        null,
        1,
        1,
        null,
        null,
        null,
        1,
        0,
        0,
        0,
        null,
        null,
        1,
        1,
        4,
        null,
        null
      ]
    },
    "timestamp": 1552693523
  }
}
