{
  "RSpec": {
    "coverage": {
      "/Users/ysim/code/safety-in-da-hood/spec/controllers/home_controller_spec.rb": [
        1,
        null,
        1,
        2,
        null
      ],
      "/Users/ysim/code/safety-in-da-hood/spec/rails_helper.rb": [
        null,
        1,
        1,
        1,
        null,
        1,
        1,
        null,
        1,
        null,
        null,
        null,
        null,
        null,
        null,
        null,
        null,
        null,
        null,
        null,
        null,
        null,
        null,
        null,
        null,
        null,
        null,
        1,
        null,
        0,
        0,
        null,
        1,
        null,
        1,
        null,
        null,
        null,
        null,
        1,
        null,
        null,
        null,
        null,
        null,
        null,
        null,
        null,
        null,
        null,
        null,
        null,
        null,
        null,
        1,
        null,
        null,
        1,
        null,
        null,
        null,
        1,
        1,
        1,
        null,
        null,
        1,
        37,
        37,
        null,
        null,
        null,
        1,
        37,
        37,
        null,
        null,
        null,
        null,
        1,
        1,
        1,
        1,
        null,
        null
      ],
      "/Users/ysim/code/safety-in-da-hood/config/environment.rb": [
        null,
        1,
        null,
        null,
        1
      ],
      "/Users/ysim/code/safety-in-da-hood/config/application.rb": [
        1,
        null,
        1,
        null,
        null,
        null,
        1,
        null,
        1,
        1,
        null,
        1,
        null,
        null,
        null,
        null,
        null,
        1,
        null,
        1,
        null,
        null,
        null,
        null,
        null,
        null,
        null,
        null,
        null
      ],
      "/Users/ysim/code/safety-in-da-hood/config/boot.rb": [
        1,
        null,
        1,
        1
      ],
      "/Users/ysim/code/safety-in-da-hood/config/environments/test.rb": [
        1,
        null,
        null,
        null,
        null,
        null,
        null,
        1,
        null,
        null,
        null,
        null,
        1,
        null,
        null,
        1,
        1,
        null,
        null,
        null,
        null,
        1,
        1,
        null,
        null,
        1,
        null,
        null,
        1,
        null,
        null,
        1,
        null,
        1,
        null,
        null,
        null,
        null,
        1,
        null,
        null,
        1,
        null,
        null,
        null,
        null
      ],
      "/Users/ysim/code/safety-in-da-hood/config/initializers/application_controller_renderer.rb": [
        null,
        null,
        null,
        null,
        null,
        null,
        null,
        null
      ],
      "/Users/ysim/code/safety-in-da-hood/config/initializers/assets.rb": [
        null,
        null,
        null,
        1,
        null,
        null,
        null,
        null,
        1,
        null,
        null,
        null,
        null,
        null
      ],
      "/Users/ysim/code/safety-in-da-hood/config/initializers/backtrace_silencers.rb": [
        null,
        null,
        null,
        null,
        null,
        null,
        null
      ],
      "/Users/ysim/code/safety-in-da-hood/config/initializers/carrierwave.rb": [
        1,
        1,
        1,
        1,
        null,
        null,
        1,
        null,
        1,
        1,
        1,
        1,
        21,
        null,
        null,
        1,
        120,
        null,
        null,
        null,
        null
      ],
      "/Users/ysim/code/safety-in-da-hood/app/uploaders/picture_uploader.rb": [
        1,
        1,
        null,
        null,
        null,
        null,
        null,
        1,
        null,
        null,
        null,
        null,
        1,
        0,
        null,
        null,
        null,
        null,
        null,
        null,
        null,
        null,
        null,
        null,
        null,
        1,
        null,
        1,
        0,
        null,
        null,
        null,
        null,
        null,
        null,
        null,
        0,
        null,
        null,
        null,
        null,
        null,
        null,
        null,
        null,
        null,
        1,
        22,
        null,
        null,
        null,
        null,
        null,
        null,
        null,
        null
      ],
      "/Users/ysim/code/safety-in-da-hood/config/initializers/content_security_policy.rb": [
        null,
        null,
        null,
        null,
        null,
        null,
        null,
        null,
        null,
        null,
        null,
        null,
        null,
        null,
        null,
        null,
        null,
        null,
        null,
        null,
        null,
        null,
        null,
        null,
        null
      ],
      "/Users/ysim/code/safety-in-da-hood/config/initializers/cookies_serializer.rb": [
        null,
        null,
        null,
        null,
        1
      ],
      "/Users/ysim/code/safety-in-da-hood/config/initializers/filter_parameter_logging.rb": [
        null,
        null,
        null,
        1
      ],
      "/Users/ysim/code/safety-in-da-hood/config/initializers/inflections.rb": [
        null,
        null,
        null,
        null,
        null,
        null,
        null,
        null,
        null,
        null,
        null,
        null,
        null,
        null,
        null,
        null
      ],
      "/Users/ysim/code/safety-in-da-hood/config/initializers/mime_types.rb": [
        null,
        null,
        null,
        null
      ],
      "/Users/ysim/code/safety-in-da-hood/config/initializers/sidekiq.rb": [
        null,
        null,
        null,
        null,
        null,
        1,
        0,
        0,
        0,
        0,
        null,
        null
      ],
      "/Users/ysim/code/safety-in-da-hood/config/initializers/wicked_pdf.rb": [
        null,
        null,
        null,
        null,
        null,
        null,
        null,
        null,
        null,
        null,
        1,
        null,
        null,
        null,
        null,
        null,
        null,
        null,
        null,
        null,
        null
      ],
      "/Users/ysim/code/safety-in-da-hood/config/initializers/wrap_parameters.rb": [
        null,
        null,
        null,
        null,
        null,
        null,
        1,
        2,
        null,
        null,
        null,
        null,
        null,
        null
      ],
      "/Users/ysim/code/safety-in-da-hood/spec/factories.rb": [
        1,
        null,
        1,
        1,
        2,
        2,
        null,
        null,
        null,
        1,
        9,
        9,
        9,
        null,
        null
      ],
      "/Users/ysim/code/safety-in-da-hood/config/routes.rb": [
        1,
        1,
        1,
        1,
        null,
        1,
        1,
        1,
        1,
        1,
        1,
        1,
        1,
        1,
        1,
        1,
        1,
        1,
        1,
        null
      ],
      "/Users/ysim/code/safety-in-da-hood/app/helpers/application_helper.rb": [
        1,
        null
      ],
      "/Users/ysim/code/safety-in-da-hood/app/helpers/follows_helper.rb": [
        1,
        null
      ],
      "/Users/ysim/code/safety-in-da-hood/app/helpers/home_helper.rb": [
        1,
        null
      ],
      "/Users/ysim/code/safety-in-da-hood/app/helpers/sessions_helper.rb": [
        1,
        null
      ],
      "/Users/ysim/code/safety-in-da-hood/app/helpers/tweets_helper.rb": [
        1,
        null
      ],
      "/Users/ysim/code/safety-in-da-hood/app/helpers/users_helper.rb": [
        1,
        1,
        123,
        123,
        123,
        123,
        null,
        null
      ],
      "/Users/ysim/code/safety-in-da-hood/spec/support/factory_bot.rb": [
        1,
        1,
        null
      ],
      "/Users/ysim/code/safety-in-da-hood/app/controllers/home_controller.rb": [
        1,
        1,
        null,
        1,
        null,
        null
      ],
      "/Users/ysim/code/safety-in-da-hood/app/controllers/application_controller.rb": [
        1,
        1,
        1,
        null,
        1,
        null
      ],
      "/Users/ysim/code/safety-in-da-hood/app/controllers/concerns/authorization.rb": [
        1,
        1,
        110,
        null,
        null,
        1,
        177,
        null,
        null,
        1,
        177,
        169,
        null,
        null,
        null,
        1,
        177,
        0,
        null,
        null,
        null,
        1,
        44,
        null,
        null,
        1,
        5,
        0,
        0,
        null,
        null,
        null,
        1,
        23,
        0,
        0,
        null,
        null,
        null
      ],
      "/Users/ysim/code/safety-in-da-hood/app/controllers/concerns/authentication.rb": [
        1,
        1,
        3,
        null,
        null,
        1,
        0,
        0,
        0,
        null,
        null,
        1,
        0,
        0,
        0,
        null,
        null,
        1,
        3,
        3,
        3,
        null,
        null,
        1,
        0,
        0,
        0,
        null,
        null,
        null
      ],
      "/Users/ysim/code/safety-in-da-hood/spec/controllers/users_controller_spec.rb": [
        1,
        null,
        1,
        1,
        null,
        1,
        null,
        null,
        null,
        null,
        null,
        null,
        null,
        2,
        2,
        null,
        1,
        2,
        2,
        2,
        2,
        2,
        null,
        null,
        1,
        3,
        2,
        2,
        null,
        null,
        1,
        3,
        2,
        2,
        null,
        null
      ],
      "/Users/ysim/code/safety-in-da-hood/app/controllers/users_controller.rb": [
        1,
        1,
        1,
        null,
        1,
        2,
        null,
        null,
        1,
        2,
        2,
        2,
        null,
        0,
        null,
        null,
        null,
        1,
        0,
        null,
        null,
        1,
        13,
        13,
        13,
        13,
        null,
        null,
        1,
        0,
        null,
        null,
        1,
        0,
        0,
        0,
        0,
        null,
        0,
        null,
        null,
        null,
        1,
        1,
        2,
        null,
        null,
        null
      ],
      "/Users/ysim/code/safety-in-da-hood/spec/features/users_spec.rb": [
        1,
        null,
        1,
        1,
        3,
        3,
        3,
        3,
        3,
        3,
        null,
        null,
        1,
        1,
        null,
        null,
        1,
        1,
        1,
        1,
        null,
        null,
        1,
        1,
        1,
        1,
        10,
        10,
        10,
        null,
        1,
        null,
        null
      ],
      "/Users/ysim/code/safety-in-da-hood/spec/models/tweet_spec.rb": [
        1,
        null,
        1,
        1,
        1,
        1,
        null,
        null,
        1,
        1,
        2,
        null,
        null,
        1,
        1,
        null,
        null,
        null,
        1,
        2,
        null,
        2,
        2,
        null,
        2,
        null,
        null
      ],
      "/Users/ysim/code/safety-in-da-hood/app/models/tweet.rb": [
        1,
        1,
        102,
        1,
        1,
        1,
        1,
        null,
        1,
        1,
        16,
        0,
        null,
        null,
        null
      ],
      "/Users/ysim/code/safety-in-da-hood/app/models/application_record.rb": [
        1,
        1,
        null
      ],
      "/Users/ysim/code/safety-in-da-hood/spec/models/user_spec.rb": [
        1,
        null,
        1,
        2,
        null,
        1,
        1,
        2,
        null,
        null,
        1,
        1,
        null,
        null,
        null,
        1,
        2,
        2,
        2,
        2,
        2,
        null,
        2,
        2,
        null,
        2,
        2,
        null,
        2,
        2,
        null,
        2,
        2,
        2,
        null,
        null
      ],
      "/Users/ysim/code/safety-in-da-hood/app/models/user.rb": [
        1,
        1,
        1,
        1,
        null,
        1,
        1,
        null,
        null,
        1,
        null,
        null,
        1,
        1,
        null,
        1,
        1,
        1,
        null,
        1,
        null
      ],
      "/Users/ysim/code/safety-in-da-hood/app/models/concerns/tokenizer.rb": [
        1,
        1,
        0,
        null,
        null,
        0,
        null,
        null,
        1,
        0,
        null,
        null
      ],
      "/Users/ysim/code/safety-in-da-hood/app/models/concerns/session.rb": [
        1,
        1,
        null,
        1,
        0,
        0,
        null,
        null,
        1,
        0,
        0,
        null,
        null,
        1,
        3,
        null,
        null
      ],
      "/Users/ysim/code/safety-in-da-hood/app/models/concerns/feed.rb": [
        1,
        1,
        0,
        null,
        null,
        1,
        0,
        null,
        null,
        1,
        0,
        null,
        null,
        1,
        13,
        null,
        13,
        null,
        null,
        null
      ],
      "/Users/ysim/code/safety-in-da-hood/app/controllers/sessions_controller.rb": [
        1,
        1,
        null,
        1,
        null,
        null,
        1,
        3,
        3,
        3,
        3,
        3,
        null,
        0,
        0,
        null,
        null,
        null,
        1,
        0,
        0,
        null,
        null
      ],
      "/Users/ysim/code/safety-in-da-hood/app/models/follow.rb": [
        1,
        1,
        1,
        1,
        1,
        null
      ],
      "/Users/ysim/code/safety-in-da-hood/app/controllers/tweets_controller.rb": [
        1,
        1,
        null,
        1,
        10,
        10,
        10,
        null,
        0,
        0,
        null,
        null,
        null,
        1,
        0,
        0,
        0,
        null,
        null,
        1,
        1,
        10,
        null,
        null
      ]
    },
    "timestamp": 1552678545
  }
}
